<?xml version="1.0" encoding="UTF-8"?>
<!-- Generated by org.testng.reporters.JUnitReportReporter -->
<testsuite hostname="DESKTOP-SPHJSHV" failures="0" tests="3" name="TestEG2.example8_2TestNGKeyword2_EnableFalse" time="0.015" errors="0" timestamp="2023-06-11T13:44:11 IST" skipped="2">
  <testcase classname="TestEG2.example8_2TestNGKeyword2_EnableFalse" name="TC1" time="0.015"/>
  <system-out>
    <![CDATA[----running TC1-----]]>
  </system-out>
  <testcase classname="TestEG2.example8_2TestNGKeyword2_EnableFalse" name="TC3">
    <skipped/>
  </testcase> <!-- TC3 -->
  <system-out/>
  <testcase classname="TestEG2.example8_2TestNGKeyword2_EnableFalse" name="TC2">
    <skipped/>
  </testcase> <!-- TC2 -->
  <system-out/>
</testsuite> <!-- TestEG2.example8_2TestNGKeyword2_EnableFalse -->
