<?xml version="1.0" encoding="UTF-8"?>
<!-- Generated by org.testng.reporters.JUnitReportReporter -->
<testsuite hostname="DESKTOP-SPHJSHV" failures="0" tests="1" name="TestNG.example3_EmailableReport" time="0.013" errors="0" timestamp="2023-06-08T01:44:44 IST" skipped="0">
  <testcase classname="TestNG.example3_EmailableReport" name="TC1" time="0.013"/>
  <system-out/>
</testsuite> <!-- TestNG.example3_EmailableReport -->
