<?xml version="1.0" encoding="UTF-8"?>
<!-- Generated by org.testng.reporters.JUnitReportReporter -->
<testsuite hostname="DESKTOP-SPHJSHV" failures="0" tests="6" name="TestEG2.example10_3TestNGKeyword3_priority2" time="0.023" errors="0" timestamp="2023-06-11T16:37:40 IST" skipped="0">
  <testcase classname="TestEG2.example10_3TestNGKeyword3_priority2" name="TC2" time="0.012"/>
  <system-out>
    <![CDATA[----running TC2-----]]>
  </system-out>
  <testcase classname="TestEG2.example10_3TestNGKeyword3_priority2" name="TC3" time="0.002"/>
  <system-out>
    <![CDATA[----running TC3-----]]>
  </system-out>
  <testcase classname="TestEG2.example10_3TestNGKeyword3_priority2" name="TC4" time="0.002"/>
  <system-out>
    <![CDATA[----running TC4-----]]>
  </system-out>
  <testcase classname="TestEG2.example10_3TestNGKeyword3_priority2" name="TC1" time="0.003"/>
  <system-out>
    <![CDATA[----running TC1-----]]>
  </system-out>
  <testcase classname="TestEG2.example10_3TestNGKeyword3_priority2" name="TC1" time="0.002"/>
  <system-out>
    <![CDATA[----running TC1-----]]>
  </system-out>
  <testcase classname="TestEG2.example10_3TestNGKeyword3_priority2" name="TC1" time="0.002"/>
  <system-out>
    <![CDATA[----running TC1-----]]>
  </system-out>
</testsuite> <!-- TestEG2.example10_3TestNGKeyword3_priority2 -->
