<?xml version="1.0" encoding="UTF-8"?>
<!-- Generated by org.testng.reporters.JUnitReportReporter -->
<testsuite hostname="DESKTOP-SPHJSHV" failures="0" tests="2" name="TestNG.example4_EmailableReport" time="0.023" errors="0" timestamp="2023-06-08T22:04:19 IST" skipped="0">
  <testcase classname="TestNG.example4_EmailableReport" name="TC1" time="0.019"/>
  <system-out/>
  <testcase classname="TestNG.example4_EmailableReport" name="TC2" time="0.004"/>
  <system-out/>
</testsuite> <!-- TestNG.example4_EmailableReport -->
