<?xml version="1.0" encoding="UTF-8"?>
<!-- Generated by org.testng.reporters.JUnitReportReporter -->
<testsuite hostname="DESKTOP-SPHJSHV" failures="0" tests="2" name="TestEG2.example6_Annotations" time="0.000" errors="0" timestamp="2023-06-11T12:38:45 IST" skipped="0">
  <testcase classname="TestEG2.example6_Annotations" name="verifyFullName1" time="0.000"/>
  <system-out>
    <![CDATA[running verify Full Name1 TC]]>
  </system-out>
  <testcase classname="TestEG2.example6_Annotations" name="verifyFullName2" time="0.000"/>
  <system-out>
    <![CDATA[running verify Full Name2 TC]]>
  </system-out>
</testsuite> <!-- TestEG2.example6_Annotations -->
