<?xml version="1.0" encoding="UTF-8"?>
<!-- Generated by org.testng.reporters.JUnitReportReporter -->
<testsuite hostname="DESKTOP-SPHJSHV" failures="0" tests="3" name="TestEG2.example8TestNGKeyword2_EnableFalse" time="0.016" errors="0" timestamp="2023-06-11T13:43:00 IST" skipped="1">
  <testcase classname="TestEG2.example8TestNGKeyword2_EnableFalse" name="TC1" time="0.016"/>
  <system-out>
    <![CDATA[----running TC1-----]]>
  </system-out>
  <testcase classname="TestEG2.example8TestNGKeyword2_EnableFalse" name="TC2" time="0.000"/>
  <system-out>
    <![CDATA[----running TC2-----]]>
  </system-out>
  <testcase classname="TestEG2.example8TestNGKeyword2_EnableFalse" name="TC3">
    <skipped/>
  </testcase> <!-- TC3 -->
  <system-out/>
</testsuite> <!-- TestEG2.example8TestNGKeyword2_EnableFalse -->
