<?xml version="1.0" encoding="UTF-8"?>
<!-- Generated by org.testng.reporters.JUnitReportReporter -->
<testsuite hostname="DESKTOP-SPHJSHV" failures="0" tests="2" name="TestNG3.example4_1TestNGKeyword4_DependsOnMethod" time="0.019" errors="0" timestamp="2023-06-11T18:01:05 IST" skipped="0">
  <testcase classname="TestNG3.example4_1TestNGKeyword4_DependsOnMethod" name="logout" time="0.002"/>
  <system-out>
    <![CDATA[----running logout TC----]]>
  </system-out>
  <testcase classname="TestNG3.example4_1TestNGKeyword4_DependsOnMethod" name="login" time="0.017"/>
  <system-out>
    <![CDATA[---running login TC-------]]>
  </system-out>
</testsuite> <!-- TestNG3.example4_1TestNGKeyword4_DependsOnMethod -->
