<?xml version="1.0" encoding="UTF-8"?>
<!-- Generated by org.testng.reporters.JUnitReportReporter -->
<testsuite hostname="DESKTOP-SPHJSHV" failures="0" tests="3" name="TestNG.example5_EmailableReport" time="0.025" errors="0" timestamp="2023-06-08T22:14:49 IST" skipped="0">
  <testcase classname="TestNG.example5_EmailableReport" name="TC1" time="0.019"/>
  <system-out/>
  <testcase classname="TestNG.example5_EmailableReport" name="TC2" time="0.002"/>
  <system-out/>
  <testcase classname="TestNG.example5_EmailableReport" name="TC3" time="0.004"/>
  <system-out/>
</testsuite> <!-- TestNG.example5_EmailableReport -->
