<?xml version="1.0" encoding="UTF-8"?>
<!-- Generated by org.testng.reporters.JUnitReportReporter -->
<testsuite hostname="DESKTOP-SPHJSHV" failures="0" tests="3" name="TestEG2.example9_1TestNGKeyword3_priority" time="0.023" errors="0" timestamp="2023-06-11T16:12:25 IST" skipped="0">
  <testcase classname="TestEG2.example9_1TestNGKeyword3_priority" name="TC3" time="0.016"/>
  <system-out>
    <![CDATA[----running TC3-----]]>
  </system-out>
  <testcase classname="TestEG2.example9_1TestNGKeyword3_priority" name="TC2" time="0.004"/>
  <system-out>
    <![CDATA[----running TC2-----]]>
  </system-out>
  <testcase classname="TestEG2.example9_1TestNGKeyword3_priority" name="TC1" time="0.003"/>
  <system-out>
    <![CDATA[----running TC1-----]]>
  </system-out>
</testsuite> <!-- TestEG2.example9_1TestNGKeyword3_priority -->
