<?xml version="1.0" encoding="UTF-8"?>
<!-- Generated by org.testng.reporters.JUnitReportReporter -->
<testsuite hostname="DESKTOP-SPHJSHV" failures="0" tests="3" name="TestEG2.example9_TestNGKeyword3_priority1" time="0.025" errors="0" timestamp="2023-06-11T16:09:50 IST" skipped="0">
  <testcase classname="TestEG2.example9_TestNGKeyword3_priority1" name="TC1" time="0.021"/>
  <system-out>
    <![CDATA[----running TC1-----]]>
  </system-out>
  <testcase classname="TestEG2.example9_TestNGKeyword3_priority1" name="TC2" time="0.002"/>
  <system-out>
    <![CDATA[----running TC2-----]]>
  </system-out>
  <testcase classname="TestEG2.example9_TestNGKeyword3_priority1" name="TC3" time="0.002"/>
  <system-out>
    <![CDATA[----running TC3-----]]>
  </system-out>
</testsuite> <!-- TestEG2.example9_TestNGKeyword3_priority1 -->
