<?xml version="1.0" encoding="UTF-8"?>
<!-- Generated by org.testng.reporters.JUnitReportReporter -->
<testsuite hostname="DESKTOP-SPHJSHV" failures="0" tests="2" name="TestEG2.example3_Annotations" time="0.017" errors="0" timestamp="2023-06-11T12:03:45 IST" skipped="0">
  <testcase classname="TestEG2.example3_Annotations" name="verifyFullName" time="0.017"/>
  <system-out>
    <![CDATA[running verify Full Name TC]]>
  </system-out>
  <testcase classname="TestEG2.example3_Annotations" name="verifyFullName1" time="0.000"/>
  <system-out>
    <![CDATA[running verify Full Name1 TC]]>
  </system-out>
</testsuite> <!-- TestEG2.example3_Annotations -->
