<?xml version="1.0" encoding="UTF-8"?>
<!-- Generated by org.testng.reporters.JUnitReportReporter -->
<testsuite hostname="DESKTOP-SPHJSHV" failures="0" tests="1" name="TestNG3.example1_TestNGKeyword4_Timeouts" time="1.719" errors="0" timestamp="2023-06-11T16:48:47 IST" skipped="0">
  <testcase classname="TestNG3.example1_TestNGKeyword4_Timeouts" name="TC1" time="1.719"/>
  <system-out>
    <![CDATA[running TC1]]>
  </system-out>
</testsuite> <!-- TestNG3.example1_TestNGKeyword4_Timeouts -->
