<?xml version="1.0" encoding="UTF-8"?>
<!-- Generated by org.testng.reporters.JUnitReportReporter -->
<testsuite hostname="DESKTOP-SPHJSHV" failures="0" tests="1" name="TestNG.example3_EmailableReport2" time="0.014" errors="0" timestamp="2023-06-08T01:34:46 IST" skipped="0">
  <testcase classname="TestNG.example3_EmailableReport2" name="TC1" time="0.014"/>
  <system-out/>
</testsuite> <!-- TestNG.example3_EmailableReport2 -->
