<?xml version="1.0" encoding="UTF-8"?>
<!-- Generated by org.testng.reporters.JUnitReportReporter -->
<testsuite hostname="DESKTOP-SPHJSHV" failures="0" tests="3" name="TestNG3.example6_Sample2" time="0.007" errors="0" timestamp="2023-06-11T18:44:09 IST" skipped="0">
  <testcase classname="TestNG3.example6_Sample2" name="TC6" time="0.003"/>
  <system-out>
    <![CDATA[---running TC6-------]]>
  </system-out>
  <testcase classname="TestNG3.example6_Sample2" name="TC5" time="0.002"/>
  <system-out>
    <![CDATA[---running TC5-------]]>
  </system-out>
  <testcase classname="TestNG3.example6_Sample2" name="TC4" time="0.002"/>
  <system-out>
    <![CDATA[---running TC4-------]]>
  </system-out>
</testsuite> <!-- TestNG3.example6_Sample2 -->
