<?xml version="1.0" encoding="UTF-8"?>
<!-- Generated by org.testng.reporters.JUnitReportReporter -->
<testsuite hostname="DESKTOP-SPHJSHV" failures="0" tests="1" name="TestEG2.example4_Annotations" time="0.032" errors="0" timestamp="2023-06-11T12:33:02 IST" skipped="0">
  <testcase classname="TestEG2.example4_Annotations" name="verifyFullName1" time="0.032"/>
  <system-out>
    <![CDATA[running verify Full Name1 TC]]>
  </system-out>
</testsuite> <!-- TestEG2.example4_Annotations -->
