<?xml version="1.0" encoding="UTF-8"?>
<!-- Generated by org.testng.reporters.JUnitReportReporter -->
<testsuite hostname="DESKTOP-SPHJSHV" failures="0" tests="3" name="TestNG.example7_EmailableReport" time="0.016" errors="0" timestamp="2023-06-08T22:37:45 IST" skipped="0">
  <testcase classname="TestNG.example7_EmailableReport" name="TC1" time="0.013"/>
  <system-out>
    <![CDATA[running TC1 Test cases]]>
  </system-out>
  <testcase classname="TestNG.example7_EmailableReport" name="TC2" time="0.002"/>
  <system-out>
    <![CDATA[running TC2 Test cases]]>
  </system-out>
  <testcase classname="TestNG.example7_EmailableReport" name="TC3" time="0.001"/>
  <system-out>
    <![CDATA[running TC3 Test cases]]>
  </system-out>
</testsuite> <!-- TestNG.example7_EmailableReport -->
