<?xml version="1.0" encoding="UTF-8"?>
<!-- Generated by org.testng.reporters.JUnitReportReporter -->
<testsuite hostname="DESKTOP-SPHJSHV" failures="0" tests="3" name="TestNG3.example5_TestNGKeyword4_DependsOnMethod" time="0.025" errors="0" timestamp="2023-06-11T18:11:05 IST" skipped="0">
  <testcase classname="TestNG3.example5_TestNGKeyword4_DependsOnMethod" name="login1" time="0.018"/>
  <system-out>
    <![CDATA[---running login1 TC-------]]>
  </system-out>
  <testcase classname="TestNG3.example5_TestNGKeyword4_DependsOnMethod" name="logout" time="0.002"/>
  <system-out>
    <![CDATA[----running logout TC----]]>
  </system-out>
  <testcase classname="TestNG3.example5_TestNGKeyword4_DependsOnMethod" name="login2" time="0.005"/>
  <system-out>
    <![CDATA[---running login2 TC-------]]>
  </system-out>
</testsuite> <!-- TestNG3.example5_TestNGKeyword4_DependsOnMethod -->
