<?xml version="1.0" encoding="UTF-8"?>
<!-- Generated by org.testng.reporters.JUnitReportReporter -->
<testsuite hostname="DESKTOP-SPHJSHV" failures="0" tests="1" name="TestNG.example2_TestNGClass1" time="97.324" errors="0" timestamp="2023-06-08T00:57:49 IST" skipped="0">
  <testcase classname="TestNG.example2_TestNGClass1" name="m1" time="97.324"/>
  <system-out/>
</testsuite> <!-- TestNG.example2_TestNGClass1 -->
