<?xml version="1.0" encoding="UTF-8"?>
<!-- Generated by org.testng.reporters.JUnitReportReporter -->
<testsuite hostname="DESKTOP-SPHJSHV" failures="0" tests="1" name="TestNG4.Example1_AssertClass1_assertEquals" time="0.016" errors="0" timestamp="2023-06-11T19:51:40 IST" skipped="0">
  <testcase classname="TestNG4.Example1_AssertClass1_assertEquals" name="TC1" time="0.016"/>
  <system-out/>
</testsuite> <!-- TestNG4.Example1_AssertClass1_assertEquals -->
