<?xml version="1.0" encoding="UTF-8"?>
<!-- Generated by org.testng.reporters.JUnitReportReporter -->
<testsuite hostname="DESKTOP-SPHJSHV" failures="0" tests="5" name="TestEG2.example7_TestNGKeyword1_invocationCount" time="0.037" errors="0" timestamp="2023-06-11T13:32:02 IST" skipped="0">
  <testcase classname="TestEG2.example7_TestNGKeyword1_invocationCount" name="TC1" time="0.000"/>
  <system-out>
    <![CDATA[----running TC1-----]]>
  </system-out>
  <testcase classname="TestEG2.example7_TestNGKeyword1_invocationCount" name="TC1" time="0.016"/>
  <system-out>
    <![CDATA[----running TC1-----]]>
  </system-out>
  <testcase classname="TestEG2.example7_TestNGKeyword1_invocationCount" name="TC1" time="0.000"/>
  <system-out>
    <![CDATA[----running TC1-----]]>
  </system-out>
  <testcase classname="TestEG2.example7_TestNGKeyword1_invocationCount" name="TC1" time="0.021"/>
  <system-out>
    <![CDATA[----running TC1-----]]>
  </system-out>
  <testcase classname="TestEG2.example7_TestNGKeyword1_invocationCount" name="TC1" time="0.000"/>
  <system-out>
    <![CDATA[----running TC1-----]]>
  </system-out>
</testsuite> <!-- TestEG2.example7_TestNGKeyword1_invocationCount -->
