<?xml version="1.0" encoding="UTF-8"?>
<!-- Generated by org.testng.reporters.JUnitReportReporter -->
<testsuite hostname="DESKTOP-SPHJSHV" failures="0" tests="4" name="TestEG2.example10_TestNGKeyword3_priority2" time="0.026" errors="0" timestamp="2023-06-11T16:20:43 IST" skipped="0">
  <testcase classname="TestEG2.example10_TestNGKeyword3_priority2" name="TC3" time="0.013"/>
  <system-out>
    <![CDATA[----running TC3-----]]>
  </system-out>
  <testcase classname="TestEG2.example10_TestNGKeyword3_priority2" name="TC2" time="0.004"/>
  <system-out>
    <![CDATA[----running TC2-----]]>
  </system-out>
  <testcase classname="TestEG2.example10_TestNGKeyword3_priority2" name="TC1" time="0.005"/>
  <system-out>
    <![CDATA[----running TC1-----]]>
  </system-out>
  <testcase classname="TestEG2.example10_TestNGKeyword3_priority2" name="TC4" time="0.004"/>
  <system-out>
    <![CDATA[----running TC4-----]]>
  </system-out>
</testsuite> <!-- TestEG2.example10_TestNGKeyword3_priority2 -->
