<?xml version="1.0" encoding="UTF-8"?>
<!-- Generated by org.testng.reporters.JUnitReportReporter -->
<testsuite hostname="DESKTOP-SPHJSHV" failures="0" tests="1" name="TestNG4.Example2AssertClass2_assertNotEquals" time="0.017" errors="0" timestamp="2023-06-11T22:37:23 IST" skipped="0">
  <testcase classname="TestNG4.Example2AssertClass2_assertNotEquals" name="TC1" time="0.017"/>
  <system-out/>
</testsuite> <!-- TestNG4.Example2AssertClass2_assertNotEquals -->
