<?xml version="1.0" encoding="UTF-8"?>
<!-- Generated by org.testng.reporters.JUnitReportReporter -->
<testsuite hostname="DESKTOP-SPHJSHV" failures="0" tests="1" name="TestEG2.example1_Annotations" time="0.016" errors="0" timestamp="2023-06-11T11:46:52 IST" skipped="0">
  <testcase classname="TestEG2.example1_Annotations" name="TC1" time="0.016"/>
  <system-out>
    <![CDATA[running TC1]]>
  </system-out>
</testsuite> <!-- TestEG2.example1_Annotations -->
