<?xml version="1.0" encoding="UTF-8"?>
<!-- Generated by org.testng.reporters.JUnitReportReporter -->
<testsuite hostname="DESKTOP-SPHJSHV" failures="0" tests="3" name="TestNG3.example6_Sample1" time="0.019" errors="0" timestamp="2023-06-11T18:44:09 IST" skipped="0">
  <testcase classname="TestNG3.example6_Sample1" name="TC1" time="0.015"/>
  <system-out>
    <![CDATA[---running TC1-------]]>
  </system-out>
  <testcase classname="TestNG3.example6_Sample1" name="TC2" time="0.002"/>
  <system-out>
    <![CDATA[---running TC2-------]]>
  </system-out>
  <testcase classname="TestNG3.example6_Sample1" name="TC3" time="0.002"/>
  <system-out>
    <![CDATA[---running TC3-------]]>
  </system-out>
</testsuite> <!-- TestNG3.example6_Sample1 -->
